[debug] [2023-11-27T11:22:01.298Z] ----------------------------------------------------------------------
[debug] [2023-11-27T11:22:01.301Z] Command:       C:\Program Files\nodejs\node.exe C:\Users\Elite-Gadget\AppData\Roaming\npm\node_modules\firebase-tools\lib\bin\firebase.js deploy
[debug] [2023-11-27T11:22:01.302Z] CLI Version:   11.14.4
[debug] [2023-11-27T11:22:01.302Z] Platform:      win32
[debug] [2023-11-27T11:22:01.302Z] Node Version:  v18.16.0
[debug] [2023-11-27T11:22:01.303Z] Time:          Mon Nov 27 2023 17:22:01 GMT+0600 (Bangladesh Standard Time)
[debug] [2023-11-27T11:22:01.304Z] ----------------------------------------------------------------------
[debug] 
[debug] [2023-11-27T11:22:01.412Z] > command requires scopes: ["email","openid","https://www.googleapis.com/auth/cloudplatformprojects.readonly","https://www.googleapis.com/auth/firebase","https://www.googleapis.com/auth/cloud-platform"]
[debug] [2023-11-27T11:22:01.413Z] > authorizing via signed-in user (shapna088@gmail.com)
[debug] [2023-11-27T11:22:01.413Z] [iam] checking project assignment-12-de85a for permissions ["firebase.projects.get","firebasehosting.sites.update"]
[debug] [2023-11-27T11:22:01.416Z] > refreshing access token with scopes: []
[debug] [2023-11-27T11:22:01.419Z] >>> [apiv2][query] POST https://www.googleapis.com/oauth2/v3/token [none]
[debug] [2023-11-27T11:22:01.419Z] >>> [apiv2][body] POST https://www.googleapis.com/oauth2/v3/token [omitted]
[debug] [2023-11-27T11:22:01.948Z] <<< [apiv2][status] POST https://www.googleapis.com/oauth2/v3/token 400
[debug] [2023-11-27T11:22:01.950Z] <<< [apiv2][body] POST https://www.googleapis.com/oauth2/v3/token [omitted]
[debug] [2023-11-27T11:22:01.951Z] >>> [apiv2][query] POST https://cloudresourcemanager.googleapis.com/v1/projects/assignment-12-de85a:testIamPermissions [none]
[debug] [2023-11-27T11:22:01.951Z] >>> [apiv2][(partial)header] POST https://cloudresourcemanager.googleapis.com/v1/projects/assignment-12-de85a:testIamPermissions x-goog-quota-user=projects/assignment-12-de85a
[debug] [2023-11-27T11:22:01.952Z] >>> [apiv2][body] POST https://cloudresourcemanager.googleapis.com/v1/projects/assignment-12-de85a:testIamPermissions {"permissions":["firebase.projects.get","firebasehosting.sites.update"]}
[debug] [2023-11-27T11:22:03.919Z] <<< [apiv2][status] POST https://cloudresourcemanager.googleapis.com/v1/projects/assignment-12-de85a:testIamPermissions 401
[debug] [2023-11-27T11:22:03.920Z] <<< [apiv2][body] POST https://cloudresourcemanager.googleapis.com/v1/projects/assignment-12-de85a:testIamPermissions {"error":{"code":401,"message":"Request had invalid authentication credentials. Expected OAuth 2 access token, login cookie or other valid authentication credential. See https://developers.google.com/identity/sign-in/web/devconsole-project.","status":"UNAUTHENTICATED","details":[{"@type":"type.googleapis.com/google.rpc.ErrorInfo","reason":"ACCESS_TOKEN_TYPE_UNSUPPORTED","metadata":{"service":"cloudresourcemanager.googleapis.com","method":"google.cloudresourcemanager.v1.Projects.TestIamPermissions"}}]}}
[debug] [2023-11-27T11:22:03.924Z] [iam] error while checking permissions, command may fail: FirebaseError: HTTP Error: 401, Request had invalid authentication credentials. Expected OAuth 2 access token, login cookie or other valid authentication credential. See https://developers.google.com/identity/sign-in/web/devconsole-project.
[debug] [2023-11-27T11:22:03.926Z] > refreshing access token with scopes: []
[debug] [2023-11-27T11:22:03.927Z] >>> [apiv2][query] POST https://www.googleapis.com/oauth2/v3/token [none]
[debug] [2023-11-27T11:22:03.928Z] >>> [apiv2][body] POST https://www.googleapis.com/oauth2/v3/token [omitted]
[debug] [2023-11-27T11:22:04.410Z] <<< [apiv2][status] POST https://www.googleapis.com/oauth2/v3/token 400
[debug] [2023-11-27T11:22:04.411Z] <<< [apiv2][body] POST https://www.googleapis.com/oauth2/v3/token [omitted]
[debug] [2023-11-27T11:22:04.415Z] >>> [apiv2][query] GET https://firebase.googleapis.com/v1beta1/projects/assignment-12-de85a [none]
[debug] [2023-11-27T11:22:04.972Z] <<< [apiv2][status] GET https://firebase.googleapis.com/v1beta1/projects/assignment-12-de85a 401
[debug] [2023-11-27T11:22:04.972Z] <<< [apiv2][body] GET https://firebase.googleapis.com/v1beta1/projects/assignment-12-de85a {"error":{"code":401,"message":"Request had invalid authentication credentials. Expected OAuth 2 access token, login cookie or other valid authentication credential. See https://developers.google.com/identity/sign-in/web/devconsole-project.","status":"UNAUTHENTICATED"}}
[debug] [2023-11-27T11:22:04.973Z] HTTP Error: 401, Request had invalid authentication credentials. Expected OAuth 2 access token, login cookie or other valid authentication credential. See https://developers.google.com/identity/sign-in/web/devconsole-project.
[debug] [2023-11-27T11:22:05.503Z] FirebaseError: HTTP Error: 401, Request had invalid authentication credentials. Expected OAuth 2 access token, login cookie or other valid authentication credential. See https://developers.google.com/identity/sign-in/web/devconsole-project.
    at responseToError (C:\Users\Elite-Gadget\AppData\Roaming\npm\node_modules\firebase-tools\lib\responseToError.js:49:12)
    at RetryOperation._fn (C:\Users\Elite-Gadget\AppData\Roaming\npm\node_modules\firebase-tools\lib\apiv2.js:288:77)
    at process.processTicksAndRejections (node:internal/process/task_queues:95:5)
[error] 
[error] Error: Failed to get Firebase project assignment-12-de85a. Please make sure the project exists and your account has permission to access it.
